<?xml version="1.0" encoding="UTF-8"?>
<!-- Generated by org.testng.reporters.JUnitXMLReporter -->
<testsuite ignored="0" hostname="DESKTOP-O8AD264" failures="0" tests="9" name="Test" time="540.977" errors="0" timestamp="2022-08-22T16:21:20 IST">
  <testcase classname="AutomationPractice.LoginAutomation" name="logintest" time="9.821"/>
  <testcase classname="AutomationPractice.LoginAutomation" name="shopping" time="6.406"/>
  <testcase classname="AutomationPractice.LoginAutomation" name="addtocart" time="19.615"/>
  <testcase classname="AutomationPractice.LoginAutomation" name="addtocart2" time="0.136"/>
  <testcase classname="AutomationPractice.LoginAutomation" name="checkout" time="70.284"/>
  <testcase classname="heroKaupp123.Class1" name="browser" time="16.999"/>
  <testcase classname="heroKaupp123.Login" name="login" time="7.324"/>
  <testcase classname="heroKaupp123.Login" name="logout" time="0.92"/>
  <testcase classname="heroKaupp123.Login" name="checkLinks" time="365.654"/>
</testsuite> <!-- Test -->
